version: (200506)

available memory: 64M bytes
used memory: 598016 bytes [need 584K bytes if disable swap]

used block: 38 [memory(38) file(0)]
                 [ 8K(33) 64K(5) { total 584K bytes } ]
overhead: (9572) bytes for (38) blocks [Average: (251) bytes/block]

write  => 0(times) 0K(bytes) [0K bytes to file]
read   => 5(times) 203K(bytes) [39K bytes compressed data from file]
access => 376895(times) 3029M(bytes)
          [hit ratio: 99.9987%]

time: write(0) read(0.002)  unit: second

swap file directory: (/mnt/vol_NFS_rh003/Est_Verif_II2023/JeremyCordoba_II_2023/Proyecto3/Proyecto_3_Veri/src/verdiLog)
used swap file number: (5)



swap file manager:
arrSize: (256)
idxCnt: (6)
closeHead: (1)
closeTail: (5)
openCnt: (4)
fid(5): fd(1073741826) fileName(/mnt/vol_NFS_rh003/Est_Verif_II2023/JeremyCordoba_II_2023/Proyecto3/Proyecto_3_Veri/src/salida.daidir/kdb.elab++/work.lib++/uvm_root.svh#inc__uvm_pkg__60#.tdc)
	size(45270) lastModTime(1700024223) curModTime(1700024223)
	mode(rb)	hot(0) cool(4) pos(0)
fid(4): fd(1073741825) fileName(/mnt/vol_NFS_rh003/Est_Verif_II2023/JeremyCordoba_II_2023/Proyecto3/Proyecto_3_Veri/src/salida.daidir/kdb.elab++/work.lib++/uvm_pkg.sv.tdc)
	size(2322) lastModTime(1700024224) curModTime(1700024224)
	mode(rb)	hot(5) cool(2) pos(0)
fid(3): fd(0) fileName(/mnt/vol_NFS_rh003/Est_Verif_II2023/JeremyCordoba_II_2023/Proyecto3/Proyecto_3_Veri/src/salida.daidir/kdb.elab++/work.lib++/uvm_custom_install_verdi_recorder.sv.tdc)
	size(15413) lastModTime(1700024224) curModTime(1700024224)
	mode(rb)	hot(0) cool(0) pos(0)
fid(2): fd(33) fileName(/mnt/vol_NFS_rh003/Est_Verif_II2023/JeremyCordoba_II_2023/Proyecto3/Proyecto_3_Veri/src/verdiLog/_swap_0001#8323328#2255107)
	size(0) lastModTime(0) curModTime(1700025012)
	mode(w+b)	hot(4) cool(1) pos(0)
fid(1): fd(1073741824) fileName(/mnt/vol_NFS_rh003/Est_Verif_II2023/JeremyCordoba_II_2023/Proyecto3/Proyecto_3_Veri/src/salida.daidir/kdb.elab++/work.lib++/fifo.sv#inc___vcs_unit__1__169#.tdc)
	size(26559) lastModTime(1700024224) curModTime(1700024224)
	mode(rb)	hot(2) cool(0) pos(0)
fid(0): fd(0) fileName(NULL)
	mode(NULL)	hot(0) cool(0) pos(0)
==================================================
mySelf(17e59a40) pre(169a77b0) next(0)
version(200506)
date(May 19 2021 05:00:27)
